04 Mar 2020 13:29:37,619 [14296] INFO  DETAILS - frmLogin.aspx:Login Button Clicked
04 Mar 2020 13:29:38,518 [14296] INFO  DETAILS - frmLogin.aspx:Login Success:Mohamed Al Ali
04 Mar 2020 13:34:04,729 [9560] INFO  DETAILS - frmLogin.aspx:Login Button Clicked
04 Mar 2020 13:34:04,753 [9560] INFO  DETAILS - frmLogin.aspx:Login Success:Mohamed Al Ali
04 Mar 2020 13:35:29,298 [9560] INFO  DETAILS - frmLogin.aspx:Login Button Clicked
04 Mar 2020 13:35:29,313 [9560] INFO  DETAILS - frmLogin.aspx:Login Success:Mohamed Al Ali
04 Mar 2020 13:37:15,897 [13608] INFO  DETAILS - frmLogin.aspx:Login Button Clicked
04 Mar 2020 13:37:15,912 [13608] INFO  DETAILS - frmLogin.aspx:Login Success:Mohamed Al Ali
04 Mar 2020 13:59:14,005 [14508] INFO  DETAILS - frmLogin.aspx:Login Button Clicked
04 Mar 2020 13:59:14,038 [14508] INFO  DETAILS - frmLogin.aspx:Login Success:Mohamed Al Ali
04 Mar 2020 14:05:26,994 [9988] INFO  DETAILS - frmLogin.aspx:Login Button Clicked
04 Mar 2020 14:05:27,010 [9988] INFO  DETAILS - frmLogin.aspx:Login Success:Mohamed Al Ali
04 Mar 2020 14:13:32,824 [15056] INFO  DETAILS - frmLogin.aspx:Login Button Clicked
04 Mar 2020 14:13:32,848 [15056] INFO  DETAILS - frmLogin.aspx:Login Success:Mohamed Al Ali
04 Mar 2020 14:18:53,616 [13572] INFO  DETAILS - frmLogin.aspx:Login Button Clicked
04 Mar 2020 14:18:53,630 [13572] INFO  DETAILS - frmLogin.aspx:Login Success:Mohamed Al Ali
04 Mar 2020 14:20:17,021 [13572] INFO  DETAILS - frmLogin.aspx:Login Button Clicked
04 Mar 2020 14:20:17,053 [13572] INFO  DETAILS - frmLogin.aspx:Login Success:Mohamed Al Ali
04 Mar 2020 14:23:00,329 [14772] INFO  DETAILS - frmLogin.aspx:Login Button Clicked
04 Mar 2020 14:23:00,341 [14772] INFO  DETAILS - frmLogin.aspx:Login Success:ahmad mohamed
04 Mar 2020 14:24:23,621 [14772] INFO  DETAILS - frmLogin.aspx:Login Button Clicked
04 Mar 2020 14:24:23,637 [14772] INFO  DETAILS - frmLogin.aspx:Login Success:Mohamed Al Ali
04 Mar 2020 14:25:06,429 [2960] INFO  DETAILS - frmLogin.aspx:Login Button Clicked
04 Mar 2020 14:25:06,437 [2960] INFO  DETAILS - frmLogin.aspx:Login Success:Mohamed Hassan
04 Mar 2020 14:26:43,637 [14044] INFO  DETAILS - frmLogin.aspx:Login Button Clicked
04 Mar 2020 14:26:43,657 [14044] INFO  DETAILS - frmLogin.aspx:Login Success:Mohamed Al Ali
04 Mar 2020 14:27:10,015 [6292] INFO  DETAILS - frmLogin.aspx:Login Button Clicked
04 Mar 2020 14:27:10,027 [6292] INFO  DETAILS - frmLogin.aspx:Login Success:user
04 Mar 2020 14:28:20,583 [8504] INFO  DETAILS - frmLogin.aspx:Login Button Clicked
04 Mar 2020 14:28:20,607 [8504] INFO  DETAILS - frmLogin.aspx:Login Success:user
04 Mar 2020 14:32:29,759 [14700] INFO  DETAILS - frmLogin.aspx:Login Button Clicked
04 Mar 2020 14:32:29,774 [14700] INFO  DETAILS - frmLogin.aspx:Login Success:Mohamed Al Ali
04 Mar 2020 21:31:20,974 [19080] INFO  DETAILS - frmLogin.aspx:Login Button Clicked
04 Mar 2020 21:31:21,026 [19080] INFO  DETAILS - frmLogin.aspx:Login Success:Mohamed Al Ali
04 Mar 2020 21:32:03,607 [16272] INFO  DETAILS - frmLogin.aspx:Login Button Clicked
04 Mar 2020 21:32:03,630 [16272] INFO  DETAILS - frmLogin.aspx:Login Success:Mohamed Al Ali
04 Mar 2020 21:41:44,875 [18888] INFO  DETAILS - frmLogin.aspx:Login Button Clicked
04 Mar 2020 21:41:44,914 [18888] INFO  DETAILS - frmLogin.aspx:Login Success:Mohamed Al Ali
04 Mar 2020 21:43:34,386 [15240] INFO  DETAILS - frmLogin.aspx:Login Button Clicked
04 Mar 2020 21:43:34,402 [15240] INFO  DETAILS - frmLogin.aspx:Login Success:Mohamed Al Ali
04 Mar 2020 21:45:16,659 [16564] INFO  DETAILS - frmLogin.aspx:Login Button Clicked
04 Mar 2020 21:45:16,673 [16564] INFO  DETAILS - frmLogin.aspx:Login Success:Mohamed Al Ali
04 Mar 2020 21:56:55,571 [18888] INFO  DETAILS - frmLogin.aspx:Login Button Clicked
04 Mar 2020 21:56:55,605 [18888] INFO  DETAILS - frmLogin.aspx:Login Success:Mohamed Al Ali
04 Mar 2020 21:59:51,963 [18888] INFO  DETAILS - frmLogin.aspx:Login Button Clicked
04 Mar 2020 21:59:51,978 [18888] INFO  DETAILS - frmLogin.aspx:Login Success:Mohamed Al Ali
04 Mar 2020 22:02:23,352 [18888] INFO  DETAILS - frmLogin.aspx:Login Button Clicked
04 Mar 2020 22:02:23,372 [18888] INFO  DETAILS - frmLogin.aspx:Login Success:Mohamed Al Ali
04 Mar 2020 22:03:37,841 [14576] INFO  DETAILS - frmLogin.aspx:Login Button Clicked
04 Mar 2020 22:03:37,926 [14576] INFO  DETAILS - frmLogin.aspx:Login Success:Mohamed Al Ali
04 Mar 2020 22:06:20,092 [14576] INFO  DETAILS - frmLogin.aspx:Login Button Clicked
04 Mar 2020 22:06:20,106 [14576] INFO  DETAILS - frmLogin.aspx:Login Success:Mohamed Al Ali
04 Mar 2020 22:34:03,355 [18032] INFO  DETAILS - frmLogin.aspx:Login Button Clicked
04 Mar 2020 22:34:03,432 [18032] INFO  DETAILS - frmLogin.aspx:Login Success:Mohamed Al Ali
